<?xml version="1.0" encoding="UTF-8"?>
<!-- Generated by org.testng.reporters.JUnitReportReporter -->
<testsuite skipped="0" hostname="ADMODI-LAP" name="testNg_Check.NewTest" tests="1" failures="0" timestamp="04 May 2019 13:07:46 GMT" time="0.014" errors="0">
  <testcase name="f" time="0.014" classname="testNg_Check.NewTest"/>
</testsuite> <!-- testNg_Check.NewTest -->
